  DatabaseODBC.cpp
  QueryResultODBC.cpp
  Создание кода...
     Создается библиотека C:\Users\Kronus\Desktop\osmia\Source\x64\Debug\DatabaseODBC.lib и объект C:\Users\Kronus\Desktop\osmia\Source\x64\Debug\DatabaseODBC.exp
DatabaseODBC.obj : error LNK2019: ссылка на неразрешенный внешний символ "public: virtual __cdecl ConcreteDatabase::~ConcreteDatabase(void)" (??1ConcreteDatabase@@UEAA@XZ) в функции "public: virtual __cdecl DatabaseODBC::~DatabaseODBC(void)" (??1DatabaseODBC@@UEAA@XZ).
DatabaseODBC.obj : error LNK2001: неразрешенный внешний символ "public: virtual bool __cdecl ConcreteDatabase::initialise(class std::map<class std::basic_string<char,struct std::char_traits<char>,class std::allocator<char> >,class std::basic_string<char,struct std::char_traits<char>,class std::allocator<char> >,struct std::less<class std::basic_string<char,struct std::char_traits<char>,class std::allocator<char> > >,class std::allocator<struct std::pair<class std::basic_string<char,struct std::char_traits<char>,class std::allocator<char> > const ,class std::basic_string<char,struct std::char_traits<char>,class std::allocator<char> > > > > const &,unsigned __int64)" (?initialise@ConcreteDatabase@@UEAA_NAEBV?$map@V?$basic_string@DU?$char_traits@D@std@@V?$allocator@D@2@@std@@V12@U?$less@V?$basic_string@DU?$char_traits@D@std@@V?$allocator@D@2@@std@@@2@V?$allocator@U?$pair@$$CBV?$basic_string@DU?$char_traits@D@std@@V?$allocator@D@2@@std@@V12@@std@@@2@@std@@_K@Z).
DatabaseODBC.obj : error LNK2001: неразрешенный внешний символ "public: virtual void __cdecl ConcreteDatabase::haltAsyncOperations(void)" (?haltAsyncOperations@ConcreteDatabase@@UEAAXXZ).
DatabaseODBC.obj : error LNK2001: неразрешенный внешний символ "public: virtual class std::unique_ptr<class QueryResult,struct std::default_delete<class QueryResult> > __cdecl ConcreteDatabase::query(class std::basic_string<char,struct std::char_traits<char>,class std::allocator<char> > const &)" (?query@ConcreteDatabase@@UEAA?AV?$unique_ptr@VQueryResult@@U?$default_delete@VQueryResult@@@std@@@std@@AEBV?$basic_string@DU?$char_traits@D@std@@V?$allocator@D@2@@3@@Z).
DatabaseODBC.obj : error LNK2001: неразрешенный внешний символ "public: virtual bool __cdecl ConcreteDatabase::execute(class std::basic_string<char,struct std::char_traits<char>,class std::allocator<char> > const &)" (?execute@ConcreteDatabase@@UEAA_NAEBV?$basic_string@DU?$char_traits@D@std@@V?$allocator@D@2@@std@@@Z).
DatabaseODBC.obj : error LNK2001: неразрешенный внешний символ "public: virtual bool __cdecl ConcreteDatabase::directExecute(class std::basic_string<char,struct std::char_traits<char>,class std::allocator<char> > const &)" (?directExecute@ConcreteDatabase@@UEAA_NAEBV?$basic_string@DU?$char_traits@D@std@@V?$allocator@D@2@@std@@@Z).
DatabaseODBC.obj : error LNK2001: неразрешенный внешний символ "public: virtual bool __cdecl ConcreteDatabase::executeBatch(class std::vector<class std::basic_string<char,struct std::char_traits<char>,class std::allocator<char> >,class std::allocator<class std::basic_string<char,struct std::char_traits<char>,class std::allocator<char> > > > const &)" (?executeBatch@ConcreteDatabase@@UEAA_NAEBV?$vector@V?$basic_string@DU?$char_traits@D@std@@V?$allocator@D@2@@std@@V?$allocator@V?$basic_string@DU?$char_traits@D@std@@V?$allocator@D@2@@std@@@2@@std@@@Z).
DatabaseODBC.obj : error LNK2001: неразрешенный внешний символ "public: virtual bool __cdecl ConcreteDatabase::transactionStart(void)" (?transactionStart@ConcreteDatabase@@UEAA_NXZ).
DatabaseODBC.obj : error LNK2001: неразрешенный внешний символ "public: virtual bool __cdecl ConcreteDatabase::transactionCommit(void)" (?transactionCommit@ConcreteDatabase@@UEAA_NXZ).
DatabaseODBC.obj : error LNK2001: неразрешенный внешний символ "public: virtual bool __cdecl ConcreteDatabase::transactionRollback(void)" (?transactionRollback@ConcreteDatabase@@UEAA_NXZ).
DatabaseODBC.obj : error LNK2001: неразрешенный внешний символ "public: virtual bool __cdecl ConcreteDatabase::asyncQuery(class std::function<void __cdecl(class std::unique_ptr<class QueryResult,struct std::default_delete<class QueryResult> >)>,class std::basic_string<char,struct std::char_traits<char>,class std::allocator<char> > const &)" (?asyncQuery@ConcreteDatabase@@UEAA_NV?$function@$$A6AXV?$unique_ptr@VQueryResult@@U?$default_delete@VQueryResult@@@std@@@std@@@Z@std@@AEBV?$basic_string@DU?$char_traits@D@std@@V?$allocator@D@2@@3@@Z).
DatabaseODBC.obj : error LNK2001: неразрешенный внешний символ "public: virtual void __cdecl ConcreteDatabase::invokeCallbacks(void)" (?invokeCallbacks@ConcreteDatabase@@UEAAXXZ).
DatabaseODBC.obj : error LNK2001: неразрешенный внешний символ "public: virtual class std::unique_ptr<class SqlStatement,struct std::default_delete<class SqlStatement> > __cdecl ConcreteDatabase::makeStatement(class SqlStatementID &,class std::basic_string<char,struct std::char_traits<char>,class std::allocator<char> > const &)" (?makeStatement@ConcreteDatabase@@UEAA?AV?$unique_ptr@VSqlStatement@@U?$default_delete@VSqlStatement@@@std@@@std@@AEAVSqlStatementID@@AEBV?$basic_string@DU?$char_traits@D@std@@V?$allocator@D@2@@3@@Z).
DatabaseODBC.obj : error LNK2001: неразрешенный внешний символ "public: virtual class std::basic_string<char,struct std::char_traits<char>,class std::allocator<char> > __cdecl ConcreteDatabase::escape(class std::basic_string<char,struct std::char_traits<char>,class std::allocator<char> > const &)const " (?escape@ConcreteDatabase@@UEBA?AV?$basic_string@DU?$char_traits@D@std@@V?$allocator@D@2@@std@@AEBV23@@Z).
DatabaseODBC.obj : error LNK2001: неразрешенный внешний символ "public: virtual bool __cdecl ConcreteDatabase::checkConnections(void)" (?checkConnections@ConcreteDatabase@@UEAA_NXZ).
DatabaseODBC.obj : error LNK2019: ссылка на неразрешенный внешний символ "protected: __cdecl ConcreteDatabase::ConcreteDatabase(void)" (??0ConcreteDatabase@@IEAA@XZ) в функции "public: __cdecl DatabaseODBC::DatabaseODBC(void)" (??0DatabaseODBC@@QEAA@XZ).
DatabaseODBC.obj : error LNK2001: неразрешенный внешний символ "protected: virtual class std::unique_ptr<class SqlDelayThread,struct std::default_delete<class SqlDelayThread> > __cdecl ConcreteDatabase::createDelayThread(void)" (?createDelayThread@ConcreteDatabase@@MEAA?AV?$unique_ptr@VSqlDelayThread@@U?$default_delete@VSqlDelayThread@@@std@@@std@@XZ).
DatabaseODBC.obj : error LNK2001: неразрешенный внешний символ "public: virtual unsigned __int64 __cdecl SqlConnection::escapeString(char *,char const *,unsigned __int64)const " (?escapeString@SqlConnection@@UEBA_KPEADPEBD_K@Z).
DatabaseODBC.obj : error LNK2001: неразрешенный внешний символ "public: virtual bool __cdecl SqlConnection::transactionStart(void)" (?transactionStart@SqlConnection@@UEAA_NXZ).
DatabaseODBC.obj : error LNK2001: неразрешенный внешний символ "public: virtual bool __cdecl SqlConnection::transactionCommit(void)" (?transactionCommit@SqlConnection@@UEAA_NXZ).
DatabaseODBC.obj : error LNK2001: неразрешенный внешний символ "public: virtual bool __cdecl SqlConnection::transactionRollback(void)" (?transactionRollback@SqlConnection@@UEAA_NXZ).
DatabaseODBC.obj : error LNK2001: неразрешенный внешний символ "protected: virtual class SqlPreparedStatement * __cdecl SqlConnection::createPreparedStatement(class std::basic_string<char,struct std::char_traits<char>,class std::allocator<char> > const &)" (?createPreparedStatement@SqlConnection@@MEAAPEAVSqlPreparedStatement@@AEBV?$basic_string@DU?$char_traits@D@std@@V?$allocator@D@2@@std@@@Z).
DatabaseODBC.obj : error LNK2001: неразрешенный внешний символ "protected: virtual void __cdecl SqlConnection::clear(void)" (?clear@SqlConnection@@MEAAXXZ).
DatabaseODBC.obj : error LNK2019: ссылка на неразрешенный внешний символ "void __cdecl Log::log(enum Log::Level,class std::basic_string_view<char,struct std::char_traits<char> >)" (?log@Log@@YAXW4Level@1@V?$basic_string_view@DU?$char_traits@D@std@@@std@@@Z) в функции "void __cdecl Log::debug<class std::basic_string<char,struct std::char_traits<char>,class std::allocator<char> > &>(class std::basic_string_view<char,struct std::char_traits<char> >,class std::basic_string<char,struct std::char_traits<char>,class std::allocator<char> > &)" (??$debug@AEAV?$basic_string@DU?$char_traits@D@std@@V?$allocator@D@2@@std@@@Log@@YAXV?$basic_string_view@DU?$char_traits@D@std@@@std@@AEAV?$basic_string@DU?$char_traits@D@std@@V?$allocator@D@2@@2@@Z).
C:\Users\Kronus\Desktop\osmia\Out\Win32\v143\Sharedd.lib : warning LNK4272: тип компьютера библиотеки "x86" конфликтует с типом целевого компьютера "x64"
C:\Users\Kronus\Desktop\osmia\Out\Win32\v143\Databased.lib : warning LNK4272: тип компьютера библиотеки "x86" конфликтует с типом целевого компьютера "x64"
C:\Users\Kronus\Desktop\osmia\Source\x64\Debug\DatabaseODBC.dll : fatal error LNK1120: неразрешенных внешних элементов: 24
